# JRE version: Java(TM) SE Runtime Environment (8.0_121-b13) (build 1.8.0_121-b13)
# Java VM: Java HotSpot(TM) 64-Bit Server VM (25.121-b13 mixed mode bsd-amd64 compressed oops)
Heap:
 PSYoungGen      total 233984K, used 61725K [0x0000000795580000, 0x00000007a4a80000, 0x00000007c0000000)
  eden space 225280K, 24% used [0x0000000795580000,0x0000000798c5e000,0x00000007a3180000)
  from space 8704K, 63% used [0x00000007a4200000,0x00000007a4769490,0x00000007a4a80000)
  to   space 12800K, 0% used [0x00000007a3180000,0x00000007a3180000,0x00000007a3e00000)
 ParOldGen       total 84992K, used 17528K [0x0000000740000000, 0x0000000745300000, 0x0000000795580000)
  object space 84992K, 20% used [0x0000000740000000,0x000000074111e258,0x0000000745300000)
 Metaspace       used 44750K, capacity 46864K, committed 47104K, reserved 1089536K
  class space    used 5866K, capacity 6303K, committed 6400K, reserved 1048576K
GC Heap History (10 events):
Event: 67.386 GC heap before
{Heap before GC invocations=11 (full 2):
 PSYoungGen      total 172032K, used 171617K [0x0000000795580000, 0x00000007a2980000, 0x00000007c0000000)
  eden space 163840K, 100% used [0x0000000795580000,0x000000079f580000,0x000000079f580000)
  from space 8192K, 94% used [0x00000007a2180000,0x00000007a2918790,0x00000007a2980000)
  to   space 11264K, 0% used [0x00000007a1380000,0x00000007a1380000,0x00000007a1e80000)
 ParOldGen       total 84992K, used 17605K [0x0000000740000000, 0x0000000745300000, 0x0000000795580000)
  object space 84992K, 20% used [0x0000000740000000,0x0000000741131718,0x0000000745300000)
 Metaspace       used 37978K, capacity 39856K, committed 40192K, reserved 1083392K
  class space    used 5134K, capacity 5518K, committed 5632K, reserved 1048576K
Event: 67.393 GC heap after
Heap after GC invocations=11 (full 2):
 PSYoungGen      total 205824K, used 4528K [0x0000000795580000, 0x00000007a2e80000, 0x00000007c0000000)
  eden space 194560K, 0% used [0x0000000795580000,0x0000000795580000,0x00000007a1380000)
  from space 11264K, 40% used [0x00000007a1380000,0x00000007a17ec030,0x00000007a1e80000)
  to   space 11776K, 0% used [0x00000007a2300000,0x00000007a2300000,0x00000007a2e80000)
 ParOldGen       total 84992K, used 17613K [0x0000000740000000, 0x0000000745300000, 0x0000000795580000)
  object space 84992K, 20% used [0x0000000740000000,0x0000000741133718,0x0000000745300000)
 Metaspace       used 37978K, capacity 39856K, committed 40192K, reserved 1083392K
  class space    used 5134K, capacity 5518K, committed 5632K, reserved 1048576K
}
Event: 110.462 GC heap before
{Heap before GC invocations=12 (full 2):
 PSYoungGen      total 205824K, used 199088K [0x0000000795580000, 0x00000007a2e80000, 0x00000007c0000000)
  eden space 194560K, 100% used [0x0000000795580000,0x00000007a1380000,0x00000007a1380000)
  from space 11264K, 40% used [0x00000007a1380000,0x00000007a17ec030,0x00000007a1e80000)
  to   space 11776K, 0% used [0x00000007a2300000,0x00000007a2300000,0x00000007a2e80000)
 ParOldGen       total 84992K, used 17613K [0x0000000740000000, 0x0000000745300000, 0x0000000795580000)
  object space 84992K, 20% used [0x0000000740000000,0x0000000741133718,0x0000000745300000)
 Metaspace       used 44209K, capacity 46274K, committed 46464K, reserved 1089536K
  class space    used 5798K, capacity 6230K, committed 6272K, reserved 1048576K
Event: 110.487 GC heap after
Heap after GC invocations=12 (full 2):
 PSYoungGen      total 208896K, used 11767K [0x0000000795580000, 0x00000007a4f00000, 0x00000007c0000000)
  eden space 197120K, 0% used [0x0000000795580000,0x0000000795580000,0x00000007a1600000)
  from space 11776K, 99% used [0x00000007a2300000,0x00000007a2e7de60,0x00000007a2e80000)
  to   space 13312K, 0% used [0x00000007a1600000,0x00000007a1600000,0x00000007a2300000)
 ParOldGen       total 84992K, used 19416K [0x0000000740000000, 0x0000000745300000, 0x0000000795580000)
  object space 84992K, 22% used [0x0000000740000000,0x00000007412f6320,0x0000000745300000)
 Metaspace       used 44209K, capacity 46274K, committed 46464K, reserved 1089536K
  class space    used 5798K, capacity 6230K, committed 6272K, reserved 1048576K
}
Event: 138.873 GC heap before
{Heap before GC invocations=13 (full 2):
 PSYoungGen      total 208896K, used 124051K [0x0000000795580000, 0x00000007a4f00000, 0x00000007c0000000)
  eden space 197120K, 56% used [0x0000000795580000,0x000000079c326de8,0x00000007a1600000)
  from space 11776K, 99% used [0x00000007a2300000,0x00000007a2e7de60,0x00000007a2e80000)
  to   space 13312K, 0% used [0x00000007a1600000,0x00000007a1600000,0x00000007a2300000)
 ParOldGen       total 84992K, used 19416K [0x0000000740000000, 0x0000000745300000, 0x0000000795580000)
  object space 84992K, 22% used [0x0000000740000000,0x00000007412f6320,0x0000000745300000)
 Metaspace       used 44479K, capacity 46538K, committed 46720K, reserved 1089536K
  class space    used 5837K, capacity 6250K, committed 6272K, reserved 1048576K
Event: 138.898 GC heap after
Heap after GC invocations=13 (full 2):
 PSYoungGen      total 210432K, used 7282K [0x0000000795580000, 0x00000007a4f00000, 0x00000007c0000000)
  eden space 197120K, 0% used [0x0000000795580000,0x0000000795580000,0x00000007a1600000)
  from space 13312K, 54% used [0x00000007a1600000,0x00000007a1d1cab0,0x00000007a2300000)
  to   space 13312K, 0% used [0x00000007a4200000,0x00000007a4200000,0x00000007a4f00000)
 ParOldGen       total 84992K, used 19416K [0x0000000740000000, 0x0000000745300000, 0x0000000795580000)
  object space 84992K, 22% used [0x0000000740000000,0x00000007412f6320,0x0000000745300000)
 Metaspace       used 44479K, capacity 46538K, committed 46720K, reserved 1089536K
  class space    used 5837K, capacity 6250K, committed 6272K, reserved 1048576K
}
Event: 138.898 GC heap before
{Heap before GC invocations=14 (full 3):
 PSYoungGen      total 210432K, used 7282K [0x0000000795580000, 0x00000007a4f00000, 0x00000007c0000000)
  eden space 197120K, 0% used [0x0000000795580000,0x0000000795580000,0x00000007a1600000)
  from space 13312K, 54% used [0x00000007a1600000,0x00000007a1d1cab0,0x00000007a2300000)
  to   space 13312K, 0% used [0x00000007a4200000,0x00000007a4200000,0x00000007a4f00000)
 ParOldGen       total 84992K, used 19416K [0x0000000740000000, 0x0000000745300000, 0x0000000795580000)
  object space 84992K, 22% used [0x0000000740000000,0x00000007412f6320,0x0000000745300000)
 Metaspace       used 44479K, capacity 46538K, committed 46720K, reserved 1089536K
  class space    used 5837K, capacity 6250K, committed 6272K, reserved 1048576K
Event: 139.100 GC heap after
Heap after GC invocations=14 (full 3):
 PSYoungGen      total 210432K, used 0K [0x0000000795580000, 0x00000007a4f00000, 0x00000007c0000000)
  eden space 197120K, 0% used [0x0000000795580000,0x0000000795580000,0x00000007a1600000)
  from space 13312K, 0% used [0x00000007a1600000,0x00000007a1600000,0x00000007a2300000)
  to   space 13312K, 0% used [0x00000007a4200000,0x00000007a4200000,0x00000007a4f00000)
 ParOldGen       total 84992K, used 17520K [0x0000000740000000, 0x0000000745300000, 0x0000000795580000)
  object space 84992K, 20% used [0x0000000740000000,0x000000074111c258,0x0000000745300000)
 Metaspace       used 44478K, capacity 46532K, committed 46720K, reserved 1089536K
  class space    used 5837K, capacity 6249K, committed 6272K, reserved 1048576K
}
Event: 167.849 GC heap before
{Heap before GC invocations=15 (full 3):
 PSYoungGen      total 210432K, used 197120K [0x0000000795580000, 0x00000007a4f00000, 0x00000007c0000000)
  eden space 197120K, 100% used [0x0000000795580000,0x00000007a1600000,0x00000007a1600000)
  from space 13312K, 0% used [0x00000007a1600000,0x00000007a1600000,0x00000007a2300000)
  to   space 13312K, 0% used [0x00000007a4200000,0x00000007a4200000,0x00000007a4f00000)
 ParOldGen       total 84992K, used 17520K [0x0000000740000000, 0x0000000745300000, 0x0000000795580000)
  object space 84992K, 20% used [0x0000000740000000,0x000000074111c258,0x0000000745300000)
 Metaspace       used 44731K, capacity 46864K, committed 47104K, reserved 1089536K
  class space    used 5865K, capacity 6303K, committed 6400K, reserved 1048576K
Event: 167.860 GC heap after
Heap after GC invocations=15 (full 3):
 PSYoungGen      total 233984K, used 5541K [0x0000000795580000, 0x00000007a4a80000, 0x00000007c0000000)
  eden space 225280K, 0% used [0x0000000795580000,0x0000000795580000,0x00000007a3180000)
  from space 8704K, 63% used [0x00000007a4200000,0x00000007a4769490,0x00000007a4a80000)
  to   space 12800K, 0% used [0x00000007a3180000,0x00000007a3180000,0x00000007a3e00000)
 ParOldGen       total 84992K, used 17528K [0x0000000740000000, 0x0000000745300000, 0x0000000795580000)
  object space 84992K, 20% used [0x0000000740000000,0x000000074111e258,0x0000000745300000)
 Metaspace       used 44731K, capacity 46864K, committed 47104K, reserved 1089536K
  class space    used 5865K, capacity 6303K, committed 6400K, reserved 1048576K
}

